<?xml version="1.0" encoding="UTF-8"?>
<!-- Generated by org.testng.reporters.JUnitReportReporter -->
<testsuite hostname="DESKTOP-4BKBI4A" failures="0" tests="4" name="org.UITestingPlayground.tests.UiTestingPlaygroundTests" time="6.706" errors="0" timestamp="2023-01-13T04:37:47 EET" skipped="0">
  <testcase classname="org.UITestingPlayground.tests.UiTestingPlaygroundTests" name="sampleAppPageTest" time="1.183"/>
  <system-out/>
  <testcase classname="org.UITestingPlayground.tests.UiTestingPlaygroundTests" name="overlappedElementPageTest" time="1.133"/>
  <system-out/>
  <testcase classname="org.UITestingPlayground.tests.UiTestingPlaygroundTests" name="dynamicIdPage" time="2.809"/>
  <system-out/>
  <testcase classname="org.UITestingPlayground.tests.UiTestingPlaygroundTests" name="dynamicTablePageTest" time="1.581"/>
  <system-out/>
</testsuite> <!-- org.UITestingPlayground.tests.UiTestingPlaygroundTests -->
