<?xml version="1.0" encoding="UTF-8"?>
<!-- Generated by org.testng.reporters.JUnitReportReporter -->
<testsuite hostname="fv-az256-831" failures="0" tests="5" name="org.UITestingPlayground.tests.UiTestingPlaygroundTests" time="3.326" errors="0" timestamp="2023-01-13T22:26:35 UTC" skipped="0">
  <testcase classname="org.UITestingPlayground.tests.UiTestingPlaygroundTests" name="dynamicIdPage" time="1.309"/>
  <system-out/>
  <testcase classname="org.UITestingPlayground.tests.UiTestingPlaygroundTests" name="testmethod" time="0.000"/>
  <system-out/>
  <testcase classname="org.UITestingPlayground.tests.UiTestingPlaygroundTests" name="sampleAppPageTest" time="0.642"/>
  <system-out/>
  <testcase classname="org.UITestingPlayground.tests.UiTestingPlaygroundTests" name="dynamicTablePageTest" time="0.823"/>
  <system-out/>
  <testcase classname="org.UITestingPlayground.tests.UiTestingPlaygroundTests" name="overlappedElementPageTest" time="0.552"/>
  <system-out/>
</testsuite> <!-- org.UITestingPlayground.tests.UiTestingPlaygroundTests -->
