<?xml version="1.0" encoding="UTF-8"?>
<!-- Generated by org.testng.reporters.JUnitReportReporter -->
<testsuite hostname="fv-az419-276" failures="0" tests="5" name="org.UITestingPlayground.tests.UiTestingPlaygroundTests" time="1.741" errors="0" timestamp="2023-01-13T23:11:33 UTC" skipped="0">
  <testcase classname="org.UITestingPlayground.tests.UiTestingPlaygroundTests" name="overlappedElementPageTest" time="0.245"/>
  <system-out/>
  <testcase classname="org.UITestingPlayground.tests.UiTestingPlaygroundTests" name="testmethod" time="0.000"/>
  <system-out/>
  <testcase classname="org.UITestingPlayground.tests.UiTestingPlaygroundTests" name="dynamicTablePageTest" time="0.553"/>
  <system-out/>
  <testcase classname="org.UITestingPlayground.tests.UiTestingPlaygroundTests" name="sampleAppPageTest" time="0.316"/>
  <system-out/>
  <testcase classname="org.UITestingPlayground.tests.UiTestingPlaygroundTests" name="dynamicIdPage" time="0.627"/>
  <system-out/>
</testsuite> <!-- org.UITestingPlayground.tests.UiTestingPlaygroundTests -->
