<?xml version="1.0" encoding="UTF-8"?>
<!-- Generated by org.testng.reporters.JUnitReportReporter -->
<testsuite hostname="DESKTOP-4BKBI4A" failures="0" tests="1" name="org.UITestingPlayground.tests.UiTestingPlaygroundTests" time="0.001" errors="0" timestamp="2023-01-13T16:48:33 EET" skipped="0">
  <testcase classname="org.UITestingPlayground.tests.UiTestingPlaygroundTests" name="testmethod" time="0.001"/>
  <system-out/>
</testsuite> <!-- org.UITestingPlayground.tests.UiTestingPlaygroundTests -->
