<?xml version="1.0" encoding="UTF-8"?>
<!-- Generated by org.testng.reporters.JUnitReportReporter -->
<testsuite hostname="DESKTOP-4BKBI4A" failures="0" tests="4" name="org.UITestingPlayground.tests.UiTestingPlaygroundTests" time="7.341" errors="0" timestamp="2023-01-13T04:14:37 EET" skipped="0">
  <testcase classname="org.UITestingPlayground.tests.UiTestingPlaygroundTests" name="sampleAppPageTest" time="1.184"/>
  <system-out/>
  <testcase classname="org.UITestingPlayground.tests.UiTestingPlaygroundTests" name="dynamicTablePageTest" time="1.713"/>
  <system-out/>
  <testcase classname="org.UITestingPlayground.tests.UiTestingPlaygroundTests" name="dynamicIdPage" time="3.299"/>
  <system-out/>
  <testcase classname="org.UITestingPlayground.tests.UiTestingPlaygroundTests" name="overlappedElementPageTest" time="1.145"/>
  <system-out/>
</testsuite> <!-- org.UITestingPlayground.tests.UiTestingPlaygroundTests -->
